<?xml version="1.0" encoding="UTF-8"?>
<!-- Generated by org.testng.reporters.JUnitReportReporter -->
<testsuite hostname="AKSHAYKALLURWAR" name="com.nopCommerce.qa.test.AddToCartFunctionalityTest" tests="1" failures="0" timestamp="3 Oct 2020 19:28:41 GMT" time="23.762" errors="0">
  <testcase name="validateAddToCartFunctionalityTest" time="23.762" classname="com.nopCommerce.qa.test.AddToCartFunctionalityTest"/>
</testsuite> <!-- com.nopCommerce.qa.test.AddToCartFunctionalityTest -->
