<?xml version="1.0" encoding="UTF-8"?>
<!-- Generated by org.testng.reporters.JUnitReportReporter -->
<testsuite hostname="AKSHAYKALLURWAR" name="com.nopCommerce.qa.test.AddToCartFunctionalityTest" tests="1" failures="0" timestamp="3 Oct 2020 20:18:33 GMT" time="24.109" errors="0">
  <testcase name="validateAddToCartFunctionalityTest" time="24.109" classname="com.nopCommerce.qa.test.AddToCartFunctionalityTest"/>
</testsuite> <!-- com.nopCommerce.qa.test.AddToCartFunctionalityTest -->
