<?xml version="1.0" encoding="UTF-8"?>
<!-- Generated by org.testng.reporters.JUnitReportReporter -->
<testsuite hostname="AKSHAYKALLURWAR" name="com.nopCommerce.qa.test.AddToWishListFunctionalityTest" tests="1" failures="0" timestamp="3 Oct 2020 20:18:33 GMT" time="20.726" errors="0">
  <testcase name="validateAddToWishListFunctionalityTest" time="20.726" classname="com.nopCommerce.qa.test.AddToWishListFunctionalityTest"/>
</testsuite> <!-- com.nopCommerce.qa.test.AddToWishListFunctionalityTest -->
